[32minfo[39m: Server running on port 8000
[32minfo[39m: Connected to MongoDB
[32minfo[39m: Server running on port 8000
[32minfo[39m: Connected to MongoDB
[32minfo[39m: Server running on port 8000
[32minfo[39m: Connected to MongoDB
[32minfo[39m: Server running on port 8000
[32minfo[39m: Connected to MongoDB
[32minfo[39m: Server running on port 8000
[32minfo[39m: Connected to MongoDB
[32minfo[39m: Server running on port 8000
[32minfo[39m: Connected to MongoDB
[32minfo[39m: Server running on port 8000
[32minfo[39m: Connected to MongoDB
[32minfo[39m: Fetched 0 products for page 1
[32minfo[39m: Fetched 0 products for page 1
[32minfo[39m: Fetched 1 products for page 1
[32minfo[39m: Fetched 1 products for page 2
[32minfo[39m: Fetched 1 products for page 3
[32minfo[39m: Fetched 1 products for page 3
[32minfo[39m: Fetched 1 products for page 2
[32minfo[39m: Fetched 1 products for page 1
[32minfo[39m: Fetched 1 products for page 2
[32minfo[39m: Fetched 1 products for page 3
[32minfo[39m: Product added: Router
[32minfo[39m: Fetched 1 products for page 1
[32minfo[39m: Fetched 1 products for page 1
[32minfo[39m: Fetched 1 products for page 1
[32minfo[39m: Fetched 1 products for page 1
[32minfo[39m: Fetched 1 products for page 1
[32minfo[39m: Fetched 1 products for page 1
[32minfo[39m: Fetched 1 products for page 1
[32minfo[39m: Fetched 1 products for page 1
[32minfo[39m: Fetched 1 products for page 1
[32minfo[39m: Fetched 1 products for page 1
[32minfo[39m: Product added: Perfume
[32minfo[39m: Fetched 1 products for page 1
[32minfo[39m: Fetched 1 products for page 1
[32minfo[39m: Fetched 1 products for page 1
[32minfo[39m: Fetched 1 products for page 1
[32minfo[39m: Fetched 1 products for page 1
[32minfo[39m: Fetched 1 products for page 1
[32minfo[39m: Fetched 1 products for page 1
[32minfo[39m: Server running on port 8000
[32minfo[39m: Connected to MongoDB
[32minfo[39m: Server running on port 8000
[32minfo[39m: Connected to MongoDB
[32minfo[39m: Server running on port 8000
[32minfo[39m: Connected to MongoDB
[32minfo[39m: Server running on port 8000
[32minfo[39m: Connected to MongoDB
[32minfo[39m: Product added: Bag
[32minfo[39m: Fetched 1 products for page 1
[32minfo[39m: Fetched 1 products for page 1
[32minfo[39m: Fetched 1 products for page 1
[32minfo[39m: Fetched 1 products for page 1
[32minfo[39m: Fetched 2 products for page 1
[32minfo[39m: Server running on port 8000
[32minfo[39m: Connected to MongoDB
[32minfo[39m: Fetched 2 products for page 2
[32minfo[39m: Fetched 0 products for page 2
[32minfo[39m: Fetched 1 products for page 1
[32minfo[39m: Fetched 2 products for page 1
[32minfo[39m: Fetched 1 products for page 1
[32minfo[39m: Fetched 1 products for page 1
[32minfo[39m: Fetched 2 products for page 1
[32minfo[39m: Fetched 1 products for page 1
[32minfo[39m: Fetched 1 products for page 1
[32minfo[39m: Fetched 1 products for page 1
[32minfo[39m: Fetched 1 products for page 1
[32minfo[39m: Fetched 1 products for page 1
[32minfo[39m: Fetched 1 products for page 1
[32minfo[39m: Fetched 1 products for page 1
[32minfo[39m: Fetched 1 products for page 1
[32minfo[39m: Fetched 0 products for page 1
[32minfo[39m: Fetched 1 products for page 1
[32minfo[39m: Fetched 1 products for page 1
[32minfo[39m: Fetched 1 products for page 1
[32minfo[39m: Fetched 2 products for page 1
[32minfo[39m: Fetched 1 products for page 1
[32minfo[39m: Fetched 1 products for page 1
[32minfo[39m: Fetched 2 products for page 1
[32minfo[39m: Fetched 0 products for page 1
[32minfo[39m: Fetched 1 products for page 1
[32minfo[39m: Fetched 1 products for page 1
[32minfo[39m: Fetched 2 products for page 1
[32minfo[39m: Fetched 2 products for page 1
[32minfo[39m: Fetched 1 products for page 2
[32minfo[39m: Fetched 2 products for page 1
[32minfo[39m: Fetched 1 products for page 2
[32minfo[39m: Fetched 2 products for page 2
[32minfo[39m: Fetched 1 products for page 2
[32minfo[39m: Fetched 1 products for page 2
[32minfo[39m: Fetched 0 products for page 2
[32minfo[39m: Fetched 0 products for page 2
[32minfo[39m: Fetched 0 products for page 2
[32minfo[39m: Fetched 2 products for page 2
[32minfo[39m: Fetched 0 products for page 2
[32minfo[39m: Fetched 1 products for page 1
[32minfo[39m: Fetched 2 products for page 1
[32minfo[39m: Fetched 1 products for page 1
[32minfo[39m: Fetched 1 products for page 1
[32minfo[39m: Fetched 2 products for page 1
[32minfo[39m: Fetched 1 products for page 1
[32minfo[39m: Fetched 1 products for page 1
[32minfo[39m: Fetched 2 products for page 1
[32minfo[39m: Fetched 0 products for page 1
[32minfo[39m: Fetched 1 products for page 1
[32minfo[39m: Fetched 1 products for page 1
[32minfo[39m: Fetched 2 products for page 1
[32minfo[39m: Fetched 1 products for page 2
[32minfo[39m: Fetched 1 products for page 2
[32minfo[39m: Fetched 2 products for page 1
[32minfo[39m: Fetched 1 products for page 2
[32minfo[39m: Fetched 2 products for page 2
[32minfo[39m: Fetched 2 products for page 2
[32minfo[39m: Fetched 2 products for page 1
[32minfo[39m: Fetched 2 products for page 2
[32minfo[39m: Fetched 2 products for page 2
[32minfo[39m: Fetched 1 products for page 2
[32minfo[39m: Fetched 1 products for page 2
[32minfo[39m: Fetched 0 products for page 2
[32minfo[39m: Fetched 0 products for page 2
[32minfo[39m: Fetched 0 products for page 2
[32minfo[39m: Fetched 2 products for page 2
[32minfo[39m: Fetched 0 products for page 2
[32minfo[39m: Fetched 2 products for page 2
[32minfo[39m: Fetched 0 products for page 2
[32minfo[39m: Fetched 2 products for page 2
[32minfo[39m: Fetched 0 products for page 2
[32minfo[39m: Fetched 1 products for page 1
[32minfo[39m: Fetched 2 products for page 1
[32minfo[39m: Fetched 1 products for page 1
[32minfo[39m: Fetched 1 products for page 1
[32minfo[39m: Fetched 1 products for page 1
[32minfo[39m: Fetched 1 products for page 1
[32minfo[39m: Fetched 1 products for page 1
[32minfo[39m: Server running on port 8000
[32minfo[39m: Connected to MongoDB
[32minfo[39m: Fetched 2 products for page 1
[32minfo[39m: Fetched 2 products for page 1
[32minfo[39m: Fetched 2 products for page 1
[32minfo[39m: Fetched 2 products for page 1
[32minfo[39m: Server running on port 8000
[31merror[39m: MongoDB Connection Error: bad auth : Authentication failed. {"code":8000,"codeName":"AtlasError","connectionGeneration":0,"errorLabelSet":{},"errorResponse":{"code":8000,"codeName":"AtlasError","errmsg":"bad auth : Authentication failed.","ok":0},"ok":0,"stack":"MongoServerError: bad auth : Authentication failed.\n    at Connection.sendCommand (E:\\Node JS Intern\\Intern\\Swagger\\node_modules\\mongodb\\lib\\cmap\\connection.js:299:27)\n    at process.processTicksAndRejections (node:internal/process/task_queues:95:5)\n    at async Connection.command (E:\\Node JS Intern\\Intern\\Swagger\\node_modules\\mongodb\\lib\\cmap\\connection.js:327:26)\n    at async executeScram (E:\\Node JS Intern\\Intern\\Swagger\\node_modules\\mongodb\\lib\\cmap\\auth\\scram.js:79:22)\n    at async ScramSHA256.auth (E:\\Node JS Intern\\Intern\\Swagger\\node_modules\\mongodb\\lib\\cmap\\auth\\scram.js:39:16)\n    at async performInitialHandshake (E:\\Node JS Intern\\Intern\\Swagger\\node_modules\\mongodb\\lib\\cmap\\connect.js:104:13)\n    at async connect (E:\\Node JS Intern\\Intern\\Swagger\\node_modules\\mongodb\\lib\\cmap\\connect.js:24:9)"}
[32minfo[39m: Server running on port 8000
[32minfo[39m: Connected to MongoDB
[32minfo[39m: Fetched 0 products for page 1
[32minfo[39m: Fetched 0 products for page 1
[32minfo[39m: Fetched 0 products for page 1
[32minfo[39m: Product added: Computer
[32minfo[39m: Fetched 0 products for page 1
[32minfo[39m: Fetched 0 products for page 1
[32minfo[39m: Fetched 1 products for page 1
[32minfo[39m: Product added: Laptop
[32minfo[39m: Fetched 0 products for page 1
[32minfo[39m: Fetched 0 products for page 1
[32minfo[39m: Server running on port 8000
[31merror[39m: Error fetching products:
[31merror[39m: MongoDB Connection Error: Could not connect to any servers in your MongoDB Atlas cluster. One common reason is that you're trying to access the database from an IP that isn't whitelisted. Make sure your current IP address is on your Atlas cluster's IP whitelist: https://www.mongodb.com/docs/atlas/security-whitelist/ {"errorLabelSet":{},"reason":{"commonWireVersion":0,"compatible":true,"heartbeatFrequencyMS":10000,"localThresholdMS":15,"logicalSessionTimeoutMinutes":null,"maxElectionId":null,"maxSetVersion":null,"servers":{"cluster0-shard-00-00.o8gvq.mongodb.net:27017":{"$clusterTime":null,"address":"cluster0-shard-00-00.o8gvq.mongodb.net:27017","arbiters":[],"electionId":null,"error":{"beforeHandshake":false,"errorLabelSet":{}},"hosts":[],"iscryptd":false,"lastUpdateTime":9603177,"lastWriteDate":0,"logicalSessionTimeoutMinutes":null,"maxBsonObjectSize":null,"maxMessageSizeBytes":null,"maxWireVersion":0,"maxWriteBatchSize":null,"me":null,"minRoundTripTime":0,"minWireVersion":0,"passives":[],"primary":null,"roundTripTime":-1,"setName":null,"setVersion":null,"tags":{},"topologyVersion":null,"type":"Unknown"},"cluster0-shard-00-01.o8gvq.mongodb.net:27017":{"$clusterTime":null,"address":"cluster0-shard-00-01.o8gvq.mongodb.net:27017","arbiters":[],"electionId":null,"error":{"beforeHandshake":false,"errorLabelSet":{}},"hosts":[],"iscryptd":false,"lastUpdateTime":9603714,"lastWriteDate":0,"logicalSessionTimeoutMinutes":null,"maxBsonObjectSize":null,"maxMessageSizeBytes":null,"maxWireVersion":0,"maxWriteBatchSize":null,"me":null,"minRoundTripTime":0,"minWireVersion":0,"passives":[],"primary":null,"roundTripTime":-1,"setName":null,"setVersion":null,"tags":{},"topologyVersion":null,"type":"Unknown"},"cluster0-shard-00-02.o8gvq.mongodb.net:27017":{"$clusterTime":null,"address":"cluster0-shard-00-02.o8gvq.mongodb.net:27017","arbiters":[],"electionId":null,"error":{"beforeHandshake":false,"errorLabelSet":{}},"hosts":[],"iscryptd":false,"lastUpdateTime":9603738,"lastWriteDate":0,"logicalSessionTimeoutMinutes":null,"maxBsonObjectSize":null,"maxMessageSizeBytes":null,"maxWireVersion":0,"maxWriteBatchSize":null,"me":null,"minRoundTripTime":0,"minWireVersion":0,"passives":[],"primary":null,"roundTripTime":-1,"setName":null,"setVersion":null,"tags":{},"topologyVersion":null,"type":"Unknown"}},"setName":"atlas-nzatlp-shard-0","stale":false,"type":"ReplicaSetNoPrimary"},"stack":"MongooseServerSelectionError: Could not connect to any servers in your MongoDB Atlas cluster. One common reason is that you're trying to access the database from an IP that isn't whitelisted. Make sure your current IP address is on your Atlas cluster's IP whitelist: https://www.mongodb.com/docs/atlas/security-whitelist/\n    at _handleConnectionErrors (E:\\Node JS Intern\\Intern\\Swagger\\node_modules\\mongoose\\lib\\connection.js:1165:11)\n    at NativeConnection.openUri (E:\\Node JS Intern\\Intern\\Swagger\\node_modules\\mongoose\\lib\\connection.js:1096:11)"}
[31merror[39m: Error fetching products:
[32minfo[39m: Server running on port 8000
[32minfo[39m: Connected to MongoDB
[32minfo[39m: Fetched 0 products for page 1
[32minfo[39m: Fetched 0 products for page 1
[32minfo[39m: Server running on port 8000
[32minfo[39m: Connected to MongoDB
[32minfo[39m: Fetched 0 products for page 1
[32minfo[39m: Fetched 0 products for page 1
[32minfo[39m: Server running on port 8000
[32minfo[39m: Connected to MongoDB
[32minfo[39m: Product added: Mouse
